START on hostname
argus03.bm.technion.ac.il
CUDAVS,0
/tcmldrive/users/naamagav/DL_project/Deep-Learning---Project/BYU-competition
# conda environments:
#
byu_env                  /home/naamagav/.conda/envs/byu_env
keymorph_env             /home/naamagav/.conda/envs/keymorph_env
keymorph_orig            /home/naamagav/.conda/envs/keymorph_orig
motorenv              *  /home/naamagav/.conda/envs/motorenv
nnFormer                 /home/naamagav/.conda/envs/nnFormer
nnunet                   /home/naamagav/.conda/envs/nnunet
placentaivim_env         /home/naamagav/.conda/envs/placentaivim_env
synthseg                 /home/naamagav/.conda/envs/synthseg
synthseg_env             /home/naamagav/.conda/envs/synthseg_env
totalseg_env             /home/naamagav/.conda/envs/totalseg_env
                         /home/naamagav/miniconda3
                         /home/naamagav/refix
base                     /opt/miniconda3

True
11.8
90100
2.5.1+cu118

     active environment : motorenv
    active env location : /home/naamagav/.conda/envs/motorenv
            shell level : 2
       user config file : /home/naamagav/.condarc
 populated config files : 
          conda version : 24.1.2
    conda-build version : not installed
         python version : 3.12.1.final.0
                 solver : libmamba (default)
       virtual packages : __archspec=1=zen2
                          __conda=24.1.2=0
                          __cuda=12.0=0
                          __glibc=2.28=0
                          __linux=4.18.0=0
                          __unix=0=0
       base environment : /opt/miniconda3  (read only)
      conda av data dir : /opt/miniconda3/etc/conda
  conda av metadata url : None
           channel URLs : https://repo.anaconda.com/pkgs/main/linux-64
                          https://repo.anaconda.com/pkgs/main/noarch
                          https://repo.anaconda.com/pkgs/r/linux-64
                          https://repo.anaconda.com/pkgs/r/noarch
          package cache : /opt/miniconda3/pkgs
                          /home/naamagav/.conda/pkgs
       envs directories : /home/naamagav/.conda/envs
                          /opt/miniconda3/envs
               platform : linux-64
             user-agent : conda/24.1.2 requests/2.31.0 CPython/3.12.1 Linux/4.18.0-553.el8_10.x86_64 rocky/8.7 glibc/2.28 solver/libmamba conda-libmamba-solver/23.12.0 libmambapy/1.5.3
                UID:GID : 146414377:146400513
             netrc file : None
           offline mode : False


config -> r3d200
overwriting cfg.backbone: r3d200 -> r3d18
overwriting cfg.epochs: 401 -> 250
overwriting cfg.fold: 0 -> 999
overwriting cfg.save_weights: True -> True
seed 522464
----------
DTYPE: _3d
TRAIN: dataset 397 dataloader 33
VALID: dataset 0, dataloader 0
Model: unet3d
n_param: 42_357_314
Starting EMA..
SAVED WEIGHTS:  /argusdata/users/naamagav/byu/checkpoints/r3d200_522464_epoch51.pt
SAVED CFG:  /argusdata/users/naamagav/byu/checkpoints/r3d200_522464_epoch51.pkl
SAVED WEIGHTS:  /argusdata/users/naamagav/byu/checkpoints/r3d200_522464_epoch101.pt
SAVED CFG:  /argusdata/users/naamagav/byu/checkpoints/r3d200_522464_epoch101.pkl
SAVED WEIGHTS:  /argusdata/users/naamagav/byu/checkpoints/r3d200_522464_epoch151.pt
SAVED CFG:  /argusdata/users/naamagav/byu/checkpoints/r3d200_522464_epoch151.pkl
SAVED WEIGHTS:  /argusdata/users/naamagav/byu/checkpoints/r3d200_522464_epoch201.pt
SAVED CFG:  /argusdata/users/naamagav/byu/checkpoints/r3d200_522464_epoch201.pkl
{'val': {}}
SAVED WEIGHTS:  /argusdata/users/naamagav/byu/checkpoints/r3d200_522464_epoch250.pt
SAVED CFG:  /argusdata/users/naamagav/byu/checkpoints/r3d200_522464_epoch250.pkl
END
